Flutter crash report.
Please report a bug at https://github.com/flutter/flutter/issues.

## command

flutter gen-l10n

## exception

YamlException: Error on line 4, column 1: Duplicate mapping key.
  ╷
4 │ template-arb-file: intl_en.arb 
  │ ^^^^^^^^^^^^^^^^^
  ╵

```
#0      Loader._loadMapping (package:yaml/src/loader.dart:171:9)
#1      Loader._loadNode (package:yaml/src/loader.dart:92:16)
#2      Loader._loadDocument (package:yaml/src/loader.dart:68:20)
#3      Loader.load (package:yaml/src/loader.dart:60:20)
#4      loadYamlDocument (package:yaml/yaml.dart:72:25)
#5      loadYamlNode (package:yaml/yaml.dart:57:5)
#6      parseLocalizationsOptions (package:flutter_tools/src/localizations/localizations_utils.dart:395:29)
#7      GenerateLocalizationsCommand.runCommand (package:flutter_tools/src/commands/generate_localizations.dart:200:43)
#8      FlutterCommand.verifyThenRunCommand (package:flutter_tools/src/runner/flutter_command.dart:1374:12)
<asynchronous suspension>
#9      FlutterCommand.run.<anonymous closure> (package:flutter_tools/src/runner/flutter_command.dart:1209:27)
<asynchronous suspension>
#10     AppContext.run.<anonymous closure> (package:flutter_tools/src/base/context.dart:150:19)
<asynchronous suspension>
#11     CommandRunner.runCommand (package:args/command_runner.dart:209:13)
<asynchronous suspension>
#12     FlutterCommandRunner.runCommand.<anonymous closure> (package:flutter_tools/src/runner/flutter_command_runner.dart:281:9)
<asynchronous suspension>
#13     AppContext.run.<anonymous closure> (package:flutter_tools/src/base/context.dart:150:19)
<asynchronous suspension>
#14     FlutterCommandRunner.runCommand (package:flutter_tools/src/runner/flutter_command_runner.dart:229:5)
<asynchronous suspension>
#15     run.<anonymous closure>.<anonymous closure> (package:flutter_tools/runner.dart:62:9)
<asynchronous suspension>
#16     AppContext.run.<anonymous closure> (package:flutter_tools/src/base/context.dart:150:19)
<asynchronous suspension>
#17     main (package:flutter_tools/executable.dart:91:3)
<asynchronous suspension>
```

## flutter doctor

```
[✓] Flutter (Channel stable, 3.3.4, on macOS 11.6 20G165 darwin-arm, locale en-CA)
    • Flutter version 3.3.4 on channel stable at /Users/viviaantan/Software/flutter
    • Upstream repository https://github.com/flutter/flutter.git
    • Framework revision eb6d86ee27 (6 weeks ago), 2022-10-04 22:31:45 -0700
    • Engine revision c08d7d5efc
    • Dart version 2.18.2
    • DevTools version 2.15.0

[✓] Android toolchain - develop for Android devices (Android SDK version 33.0.0)
    • Android SDK at /Users/viviaantan/Library/Android/sdk
    • Platform android-33, build-tools 33.0.0
    • Java binary at: /Applications/Android Studio.app/Contents/jre/Contents/Home/bin/java
    • Java version OpenJDK Runtime Environment (build 11.0.13+0-b1751.21-8125866)
    • All Android licenses accepted.

[✓] Xcode - develop for iOS and macOS (Xcode 13.2.1)
    • Xcode at /Applications/Xcode.app/Contents/Developer
    • Build 13C100
    • CocoaPods version 1.11.3

[✓] Chrome - develop for the web
    • Chrome at /Applications/Google Chrome.app/Contents/MacOS/Google Chrome

[✓] Android Studio (version 2021.3)
    • Android Studio at /Applications/Android Studio.app/Contents
    • Flutter plugin can be installed from:
      🔨 https://plugins.jetbrains.com/plugin/9212-flutter
    • Dart plugin can be installed from:
      🔨 https://plugins.jetbrains.com/plugin/6351-dart
    • Java version OpenJDK Runtime Environment (build 11.0.13+0-b1751.21-8125866)

[✓] VS Code (version 1.72.2)
    • VS Code at /Users/viviaantan/Downloads/Visual Studio Code.app/Contents
    • Flutter extension version 3.52.0

[✓] Connected device (3 available)
    • iPhone 13 Pro Max (mobile) • 429C4EE6-174A-4C5C-8BA7-E31FE858187C • ios            •
      com.apple.CoreSimulator.SimRuntime.iOS-15-2 (simulator)
    • macOS (desktop)            • macos                                • darwin-arm64   • macOS 11.6 20G165 darwin-arm
    • Chrome (web)               • chrome                               • web-javascript • Google Chrome 107.0.5304.110

[✓] HTTP Host Availability
    • All required HTTP hosts are available

• No issues found!
```
